Using pre-set license

 COMMAND LINE ARGUMENTS:
/Applications/Unity/Hub/Editor/2020.3.0f1/Unity.app/Contents/MacOS/Unity
-adb2
-batchMode
-noUpm
-name
AssetImportWorker0
-projectPath
/Users/sofiawolk/Desktop/Uni/WS20-21/Unity/CoronaEasterGame
-logFile
Logs/AssetImportWorker0.log
-srvPort
61802
Successfully changed project path to: /Users/sofiawolk/Desktop/Uni/WS20-21/Unity/CoronaEasterGame
/Users/sofiawolk/Desktop/Uni/WS20-21/Unity/CoronaEasterGame
Using Asset Import Pipeline V2.
Refreshing native plugins compatible for Editor in 29.65 ms, found 1 plugins.
Preloading 0 native plugins for Editor in 0.00 ms.
Initialize engine version: 2020.3.0f1 (c7b5465681fb)
[Subsystems] Discovering subsystems at path /Applications/Unity/Hub/Editor/2020.3.0f1/Unity.app/Contents/Resources/UnitySubsystems
[Subsystems] Discovering subsystems at path /Users/sofiawolk/Desktop/Uni/WS20-21/Unity/CoronaEasterGame/Assets
GfxDevice: creating device client; threaded=0
2021-04-12 15:52:28.638 Unity[23489:1304718] Color LCD preferred device: Intel(R) Iris(TM) Plus Graphics 655 (low power)
2021-04-12 15:52:28.638 Unity[23489:1304718] Metal devices available: 1
2021-04-12 15:52:28.638 Unity[23489:1304718] 0: Intel(R) Iris(TM) Plus Graphics 655 (low power)
2021-04-12 15:52:28.638 Unity[23489:1304718] Using device Intel(R) Iris(TM) Plus Graphics 655 (low power)
Initializing Metal device caps: Intel(R) Iris(TM) Plus Graphics 655
Initialize mono
Mono path[0] = '/Applications/Unity/Hub/Editor/2020.3.0f1/Unity.app/Contents/Managed'
Mono path[1] = '/Applications/Unity/Hub/Editor/2020.3.0f1/Unity.app/Contents/MonoBleedingEdge/lib/mono/unityjit'
Mono config path = '/Applications/Unity/Hub/Editor/2020.3.0f1/Unity.app/Contents/MonoBleedingEdge/etc'
Using monoOptions --debugger-agent=transport=dt_socket,embedding=1,server=y,suspend=n,address=127.0.0.1:56489
Begin MonoManager ReloadAssembly
Registering precompiled unity dll's ...
Register platform support module: /Applications/Unity/Hub/Editor/2020.3.0f1/Unity.app/Contents/PlaybackEngines/MacStandaloneSupport/UnityEditor.OSXStandalone.Extensions.dll
Registered in 0.002561 seconds.
Native extension for OSXStandalone target not found
Refreshing native plugins compatible for Editor in 28.36 ms, found 1 plugins.
Preloading 0 native plugins for Editor in 0.00 ms.
Invoked RoslynAnalysisRunner static constructor.
RoslynAnalysisRunner will not be running.
RoslynAnalysisRunner has terminated.
Mono: successfully reloaded assembly
- Completed reload, in  2.409 seconds
Platform modules already initialized, skipping
Registering precompiled user dll's ...
Registered in 0.000475 seconds.
Begin MonoManager ReloadAssembly
Native extension for OSXStandalone target not found
Refreshing native plugins compatible for Editor in 0.30 ms, found 1 plugins.
Preloading 0 native plugins for Editor in 0.00 ms.
Invoked RoslynAnalysisRunner static constructor.
RoslynAnalysisRunner will not be running.
RoslynAnalysisRunner has terminated.
Mono: successfully reloaded assembly
- Completed reload, in  1.041 seconds
Platform modules already initialized, skipping
========================================================================
Worker process is ready to serve import requests
Launching external process: /Applications/Unity/Hub/Editor/2020.3.0f1/Unity.app/Contents/Tools/UnityShaderCompiler
Launched and connected shader compiler UnityShaderCompiler after 0.02 seconds
Refreshing native plugins compatible for Editor in 0.27 ms, found 1 plugins.
Preloading 0 native plugins for Editor in 0.00 ms.
Unloading 1144 Unused Serialized files (Serialized files now loaded: 0)
System memory in use before: 112.6 MB.
System memory in use after: 112.7 MB.

Unloading 10 unused Assets to reduce memory usage. Loaded Objects now: 1592.
Total: 2.233366 ms (FindLiveObjects: 0.185419 ms CreateObjectMapping: 0.043174 ms MarkObjects: 1.811843 ms  DeleteObjects: 0.191648 ms)

========================================================================
Received Import Request.
  path: Assets/Sounds/BombSound.wav
  artifactKey: Guid(534f0c152ef0a1740ac2c2e031d4f8bd) Importer(815301076,1909f56bfc062723c751e8b465ee728b)
Start importing Assets/Sounds/BombSound.wav using Guid(534f0c152ef0a1740ac2c2e031d4f8bd) Importer(815301076,1909f56bfc062723c751e8b465ee728b)  -> (artifact id: 'cfc627d40b291f9029b603edfecebe5c') in 0.464942 seconds
  Import took 0.467205 seconds .

========================================================================
Received Import Request.
  Time since last request: 0.000267 seconds.
  path: Assets/Sounds/FillUpLivesPowerUpSound.wav
  artifactKey: Guid(1b69365a47cf02c4dace1d726d6340d0) Importer(815301076,1909f56bfc062723c751e8b465ee728b)
Start importing Assets/Sounds/FillUpLivesPowerUpSound.wav using Guid(1b69365a47cf02c4dace1d726d6340d0) Importer(815301076,1909f56bfc062723c751e8b465ee728b)  -> (artifact id: 'cb4fbc32c19579ec3d1c6885778cb7e9') in 0.012231 seconds
  Import took 0.014494 seconds .

========================================================================
Received Import Request.
  Time since last request: 0.000208 seconds.
  path: Assets/Sounds/SpeedySound.wav
  artifactKey: Guid(52633201299171d4990bacf1afbf5e85) Importer(815301076,1909f56bfc062723c751e8b465ee728b)
Start importing Assets/Sounds/SpeedySound.wav using Guid(52633201299171d4990bacf1afbf5e85) Importer(815301076,1909f56bfc062723c751e8b465ee728b)  -> (artifact id: '71e2cfa2beb08b8856617c6313c54c2b') in 0.033646 seconds
  Import took 0.035991 seconds .

========================================================================
Received Import Request.
  Time since last request: 0.000238 seconds.
  path: Assets/Sounds/MinibombSound.wav
  artifactKey: Guid(ce44f5886b8417f4d867038263fa3eed) Importer(815301076,1909f56bfc062723c751e8b465ee728b)
Start importing Assets/Sounds/MinibombSound.wav using Guid(ce44f5886b8417f4d867038263fa3eed) Importer(815301076,1909f56bfc062723c751e8b465ee728b)  -> (artifact id: '2ff71e0c46216cc7a460ecb61a01c9ba') in 0.011292 seconds
  Import took 0.013453 seconds .

========================================================================
Received Import Request.
  Time since last request: 0.000197 seconds.
  path: Assets/Sounds/TimePowerUpSound.wav
  artifactKey: Guid(5545bbbd413e7b74dbbd2bd3fd5092f3) Importer(815301076,1909f56bfc062723c751e8b465ee728b)
Start importing Assets/Sounds/TimePowerUpSound.wav using Guid(5545bbbd413e7b74dbbd2bd3fd5092f3) Importer(815301076,1909f56bfc062723c751e8b465ee728b)  -> (artifact id: '0755b4f1ddbed53da4665aa423f8c24d') in 0.036515 seconds
  Import took 0.038778 seconds .

========================================================================
Received Import Request.
  Time since last request: 0.000223 seconds.
  path: Assets/Sounds/BackgroundMusic.mp3
  artifactKey: Guid(b538848e77bc78c4e941e0f043fa69fe) Importer(815301076,1909f56bfc062723c751e8b465ee728b)
Start importing Assets/Sounds/BackgroundMusic.mp3 using Guid(b538848e77bc78c4e941e0f043fa69fe) Importer(815301076,1909f56bfc062723c751e8b465ee728b)  -> (artifact id: 'd463ba24750e93f9a5fe32d918a73415') in 0.402531 seconds
  Import took 0.405084 seconds .

========================================================================
Received Import Request.
  Time since last request: 0.000181 seconds.
  path: Assets/Sounds/SimpleLifePowerUpSound.wav
  artifactKey: Guid(a45339362ec64294fabf7e4d24c408d1) Importer(815301076,1909f56bfc062723c751e8b465ee728b)
Start importing Assets/Sounds/SimpleLifePowerUpSound.wav using Guid(a45339362ec64294fabf7e4d24c408d1) Importer(815301076,1909f56bfc062723c751e8b465ee728b)  -> (artifact id: '9a793c9d99f1b3c070b3172e18f37c38') in 0.009094 seconds
  Import took 0.011241 seconds .

========================================================================
Received Import Request.
  Time since last request: 0.000352 seconds.
  path: Assets/Sounds/ConfusionSound.wav
  artifactKey: Guid(a88f95669e5710245880b9d6998805d9) Importer(815301076,1909f56bfc062723c751e8b465ee728b)
Start importing Assets/Sounds/ConfusionSound.wav using Guid(a88f95669e5710245880b9d6998805d9) Importer(815301076,1909f56bfc062723c751e8b465ee728b)  -> (artifact id: '7206f9fee01a2d415a7fc5df86afc0b1') in 0.007285 seconds
  Import took 0.009476 seconds .

========================================================================
Received Import Request.
  Time since last request: 0.000166 seconds.
  path: Assets/Sounds/CollectableSound.wav
  artifactKey: Guid(565621ff11ffdfa4eb7d087fafee19ca) Importer(815301076,1909f56bfc062723c751e8b465ee728b)
Start importing Assets/Sounds/CollectableSound.wav using Guid(565621ff11ffdfa4eb7d087fafee19ca) Importer(815301076,1909f56bfc062723c751e8b465ee728b)  -> (artifact id: 'd9275eb65fe6c11c808543662ada3637') in 0.008423 seconds
  Import took 0.010728 seconds .

========================================================================
Received Import Request.
  Time since last request: 0.782054 seconds.
  path: Assets/Scripts/Confusion.cs
  artifactKey: Guid(ab545a4a989f9d345b9380b914018280) Importer(815301076,1909f56bfc062723c751e8b465ee728b)
Start importing Assets/Scripts/Confusion.cs using Guid(ab545a4a989f9d345b9380b914018280) Importer(815301076,1909f56bfc062723c751e8b465ee728b)  -> (artifact id: '26e69bf9d0d2bd9a596c0f8e117638c6') in 0.426785 seconds
  Import took 0.429128 seconds .

========================================================================
Received Prepare
Registering precompiled user dll's ...
Registered in 0.000515 seconds.
Begin MonoManager ReloadAssembly
Native extension for OSXStandalone target not found
Refreshing native plugins compatible for Editor in 0.27 ms, found 1 plugins.
Preloading 0 native plugins for Editor in 0.00 ms.
Invoked RoslynAnalysisRunner static constructor.
RoslynAnalysisRunner will not be running.
RoslynAnalysisRunner has terminated.
Mono: successfully reloaded assembly
- Completed reload, in  1.093 seconds
Platform modules already initialized, skipping
Refreshing native plugins compatible for Editor in 0.29 ms, found 1 plugins.
Preloading 0 native plugins for Editor in 0.00 ms.
Unloading 1138 Unused Serialized files (Serialized files now loaded: 0)
System memory in use before: 128.9 MB.
System memory in use after: 128.9 MB.

Unloading 5 unused Assets to reduce memory usage. Loaded Objects now: 1604.
Total: 1.892025 ms (FindLiveObjects: 0.308941 ms CreateObjectMapping: 0.045742 ms MarkObjects: 1.453421 ms  DeleteObjects: 0.082572 ms)

========================================================================
Received Import Request.
  Time since last request: 59.067070 seconds.
  path: Assets/Scripts/Confusion.cs
  artifactKey: Guid(ab545a4a989f9d345b9380b914018280) Importer(815301076,1909f56bfc062723c751e8b465ee728b)
Start importing Assets/Scripts/Confusion.cs using Guid(ab545a4a989f9d345b9380b914018280) Importer(815301076,1909f56bfc062723c751e8b465ee728b)  -> (artifact id: 'fd44f2b28d69962aafafc4588f6e0ea0') in 0.006619 seconds
  Import took 0.009109 seconds .

========================================================================
Received Import Request.
  Time since last request: 0.934215 seconds.
  path: Assets/Prefabs/Bomb.prefab
  artifactKey: Guid(125c168b28a0c7d4e84e77b35c00c7ce) Importer(815301076,1909f56bfc062723c751e8b465ee728b)
Start importing Assets/Prefabs/Bomb.prefab using Guid(125c168b28a0c7d4e84e77b35c00c7ce) Importer(815301076,1909f56bfc062723c751e8b465ee728b)  -> (artifact id: '0de90501b8732081de6159c7fee749b2') in 0.463355 seconds
  Import took 0.466058 seconds .

========================================================================
Received Import Request.
  Time since last request: 0.000244 seconds.
  path: Assets/Prefabs/Speedy.prefab
  artifactKey: Guid(fef791d1ef2e951488b5613e92202bce) Importer(815301076,1909f56bfc062723c751e8b465ee728b)
Start importing Assets/Prefabs/Speedy.prefab using Guid(fef791d1ef2e951488b5613e92202bce) Importer(815301076,1909f56bfc062723c751e8b465ee728b)  -> (artifact id: 'b806bffbc8f80fe9c919354e01a14150') in 0.012433 seconds
  Import took 0.015117 seconds .

========================================================================
Received Import Request.
  Time since last request: 0.000221 seconds.
  path: Assets/Prefabs/TimePowerUp 1.prefab
  artifactKey: Guid(4e35f9fe84fd4427eacf064bbcfe89a8) Importer(815301076,1909f56bfc062723c751e8b465ee728b)
Start importing Assets/Prefabs/TimePowerUp 1.prefab using Guid(4e35f9fe84fd4427eacf064bbcfe89a8) Importer(815301076,1909f56bfc062723c751e8b465ee728b)  -> (artifact id: '4e6d816287d49f1a903d7b27c8453e29') in 0.005707 seconds
  Import took 0.009577 seconds .

========================================================================
Received Import Request.
  Time since last request: 0.000191 seconds.
  path: Assets/Prefabs/SimpleLifePowerUp.prefab
  artifactKey: Guid(49b5fe432745b452796128c51f637749) Importer(815301076,1909f56bfc062723c751e8b465ee728b)
Start importing Assets/Prefabs/SimpleLifePowerUp.prefab using Guid(49b5fe432745b452796128c51f637749) Importer(815301076,1909f56bfc062723c751e8b465ee728b)  -> (artifact id: 'fb148c774a718682284c2d7ea043fa7f') in 0.027962 seconds
  Import took 0.030579 seconds .

========================================================================
Received Import Request.
  Time since last request: 0.000239 seconds.
  path: Assets/Prefabs/Collectable.prefab
  artifactKey: Guid(7c75b4d053eb8224886cafa828800208) Importer(815301076,1909f56bfc062723c751e8b465ee728b)
Start importing Assets/Prefabs/Collectable.prefab using Guid(7c75b4d053eb8224886cafa828800208) Importer(815301076,1909f56bfc062723c751e8b465ee728b)  -> (artifact id: '26dfa8d19df05a567deb7759681f38a5') in 0.011460 seconds
  Import took 0.014060 seconds .

========================================================================
Received Import Request.
  Time since last request: 0.000225 seconds.
  path: Assets/Prefabs/FillUpLivesPowerUp.prefab
  artifactKey: Guid(be234938abc724a119e434796a9ce6a9) Importer(815301076,1909f56bfc062723c751e8b465ee728b)
Start importing Assets/Prefabs/FillUpLivesPowerUp.prefab using Guid(be234938abc724a119e434796a9ce6a9) Importer(815301076,1909f56bfc062723c751e8b465ee728b)  -> (artifact id: 'add91842d1ed9e35051357962fab039a') in 0.019933 seconds
  Import took 0.022615 seconds .

========================================================================
Received Import Request.
  Time since last request: 0.000235 seconds.
  path: Assets/Prefabs/Confusion.prefab
  artifactKey: Guid(712d90bd31a0dba47bbde48bbb8592b8) Importer(815301076,1909f56bfc062723c751e8b465ee728b)
Start importing Assets/Prefabs/Confusion.prefab using Guid(712d90bd31a0dba47bbde48bbb8592b8) Importer(815301076,1909f56bfc062723c751e8b465ee728b)  -> (artifact id: '7620bc29ec0d2c8213537f5bb9138b71') in 0.019534 seconds
  Import took 0.022182 seconds .

========================================================================
Received Import Request.
  Time since last request: 0.000379 seconds.
  path: Assets/Prefabs/Minibomb.prefab
  artifactKey: Guid(79c72191e75174860b4512b1c0da9055) Importer(815301076,1909f56bfc062723c751e8b465ee728b)
Start importing Assets/Prefabs/Minibomb.prefab using Guid(79c72191e75174860b4512b1c0da9055) Importer(815301076,1909f56bfc062723c751e8b465ee728b)  -> (artifact id: '6d59d8ab8c6e87741a34c5c551a27ee1') in 0.011463 seconds
  Import took 0.014079 seconds .

========================================================================
Received Import Request.
  Time since last request: 25.571197 seconds.
  path: Assets/Prefabs/Confusion.prefab
  artifactKey: Guid(712d90bd31a0dba47bbde48bbb8592b8) Importer(815301076,1909f56bfc062723c751e8b465ee728b)
Start importing Assets/Prefabs/Confusion.prefab using Guid(712d90bd31a0dba47bbde48bbb8592b8) Importer(815301076,1909f56bfc062723c751e8b465ee728b)  -> (artifact id: 'ed3d2ad68861b085804b3c3784e4086d') in 0.010748 seconds
  Import took 0.012970 seconds .

========================================================================
Received Prepare
Registering precompiled user dll's ...
Registered in 0.000400 seconds.
Begin MonoManager ReloadAssembly
Native extension for OSXStandalone target not found
Refreshing native plugins compatible for Editor in 0.32 ms, found 1 plugins.
Preloading 0 native plugins for Editor in 0.00 ms.
Invoked RoslynAnalysisRunner static constructor.
RoslynAnalysisRunner will not be running.
RoslynAnalysisRunner has terminated.
Mono: successfully reloaded assembly
- Completed reload, in  0.940 seconds
Platform modules already initialized, skipping
Refreshing native plugins compatible for Editor in 0.30 ms, found 1 plugins.
Preloading 0 native plugins for Editor in 0.00 ms.
Unloading 1138 Unused Serialized files (Serialized files now loaded: 0)
System memory in use before: 133.7 MB.
System memory in use after: 133.8 MB.

Unloading 5 unused Assets to reduce memory usage. Loaded Objects now: 1611.
Total: 1.944519 ms (FindLiveObjects: 0.207246 ms CreateObjectMapping: 0.044120 ms MarkObjects: 1.626711 ms  DeleteObjects: 0.065397 ms)

