Using pre-set license
Built from '2020.3/staging' branch; Version is '2020.3.0f1 (c7b5465681fb) revision 13088070'; Using compiler version '192528614'; Build Type 'Release'
OS: 'Windows 10 Home; OS build 19041.867; Version 2004; 64bit' Language: 'de' Physical Memory: 8050 MB
BatchMode: 1, IsHumanControllingUs: 0, StartBugReporterOnCrash: 0, Is64bit: 1, IsPro: 0

 COMMAND LINE ARGUMENTS:
C:\Program Files\Unity\Hub\Editor\2020.3.0f1\Editor\Unity.exe
-adb2
-batchMode
-noUpm
-name
AssetImportWorker1
-projectPath
C:/Users/Hannah/Documents/unity/CoronaChaosIntro/CoronaEasterGame
-logFile
Logs/AssetImportWorker1.log
-srvPort
63944
Successfully changed project path to: C:/Users/Hannah/Documents/unity/CoronaChaosIntro/CoronaEasterGame
C:/Users/Hannah/Documents/unity/CoronaChaosIntro/CoronaEasterGame
Using Asset Import Pipeline V2.
Refreshing native plugins compatible for Editor in 9136.42 ms, found 0 plugins.
Preloading 0 native plugins for Editor in 0.00 ms.
Initialize engine version: 2020.3.0f1 (c7b5465681fb)
[Subsystems] Discovering subsystems at path C:/Program Files/Unity/Hub/Editor/2020.3.0f1/Editor/Data/Resources/UnitySubsystems
[Subsystems] Discovering subsystems at path C:/Users/Hannah/Documents/unity/CoronaChaosIntro/CoronaEasterGame/Assets
GfxDevice: creating device client; threaded=0
